<?xml version="1.0" encoding="UTF-8"?>
<!-- Generated by org.testng.reporters.JUnitReportReporter -->
<testsuite hostname="LTIN207742" failures="0" tests="1" name="com.change2naturalfoods.userverification.UserVerification" time="6.986" errors="0" timestamp="2024-01-11T14:35:35 IST" skipped="0">
  <testcase classname="com.change2naturalfoods.userverification.UserVerification" name="verifyError" time="6.986"/>
</testsuite> <!-- com.change2naturalfoods.userverification.UserVerification -->
