<?xml version="1.0" encoding="UTF-8"?>
<!-- Generated by org.testng.reporters.JUnitReportReporter -->
<testsuite hostname="LTIN207742" failures="0" tests="1" name="com.change2naturalfoods.userverification.UserVerification" time="19.489" errors="0" timestamp="2024-01-11T14:34:47 IST" skipped="0">
  <testcase classname="com.change2naturalfoods.userverification.UserVerification" name="verifyError" time="19.489"/>
</testsuite> <!-- com.change2naturalfoods.userverification.UserVerification -->
